Building in: D:\Embedded System Volume\Esp_IDF_workspace\012_OLED_128x64_Test_project\build
Configuring in: D:\Embedded System Volume\Esp_IDF_workspace\012_OLED_128x64_Test_project\build
cmake -G Ninja -DCMAKE_TOOLCHAIN_FILE=C:\Espressif\frameworks\esp-idf-v5.5\tools\cmake\toolchain-esp32s3.cmake -DPYTHON_DEPS_CHECKED=1 -DPYTHON=C:\Espressif\python_env\idf5.5_py3.11_env\Scripts\python.exe -DESP_PLATFORM=1 -DCMAKE_EXPORT_COMPILE_COMMANDS=ON -DCCACHE_ENABLE=1 -DIDF_TARGET=esp32s3 D:\Embedded System Volume\Esp_IDF_workspace\012_OLED_128x64_Test_project
-- Could NOT find Git (missing: GIT_EXECUTABLE) 
Hint: The project() command has not yet been called.  It sets up system-specific search paths.
CMake Warning at C:/Espressif/frameworks/esp-idf-v5.5/tools/cmake/git_submodules.cmake:4 (message):
  Git executable was not found.  Git submodule checks will not be executed.
  If you have any build issues at all, start by adding git executable to the
  PATH and rerun cmake to not see this warning again.
Call Stack (most recent call first):
  C:/Espressif/frameworks/esp-idf-v5.5/tools/cmake/idf.cmake:41 (include)
  C:/Espressif/frameworks/esp-idf-v5.5/tools/cmake/project.cmake:29 (include)
  CMakeLists.txt:5 (include)


-- git rev-parse returned ''
-- Minimal build - OFF
-- ccache will be used for faster recompilation
-- git rev-parse returned ''
-- Could not use 'git describe' to determine PROJECT_VER.
-- Building ESP-IDF components for target esp32s3
-- Project sdkconfig file D:/Embedded System Volume/Esp_IDF_workspace/012_OLED_128x64_Test_project/sdkconfig
-- Compiler supported targets: xtensa-esp-elf
-- USING O3
-- App "012_OLED_128x64_Test_project" version: 1
-- Adding linker script D:/Embedded System Volume/Esp_IDF_workspace/012_OLED_128x64_Test_project/build/esp-idf/esp_system/ld/memory.ld
-- Adding linker script D:/Embedded System Volume/Esp_IDF_workspace/012_OLED_128x64_Test_project/build/esp-idf/esp_system/ld/sections.ld.in
-- Adding linker script C:/Espressif/frameworks/esp-idf-v5.5/components/esp_rom/esp32s3/ld/esp32s3.rom.ld
-- Adding linker script C:/Espressif/frameworks/esp-idf-v5.5/components/esp_rom/esp32s3/ld/esp32s3.rom.api.ld
-- Adding linker script C:/Espressif/frameworks/esp-idf-v5.5/components/esp_rom/esp32s3/ld/esp32s3.rom.bt_funcs.ld
-- Adding linker script C:/Espressif/frameworks/esp-idf-v5.5/components/esp_rom/esp32s3/ld/esp32s3.rom.libgcc.ld
-- Adding linker script C:/Espressif/frameworks/esp-idf-v5.5/components/esp_rom/esp32s3/ld/esp32s3.rom.wdt.ld
-- Adding linker script C:/Espressif/frameworks/esp-idf-v5.5/components/esp_rom/esp32s3/ld/esp32s3.rom.version.ld
-- Adding linker script C:/Espressif/frameworks/esp-idf-v5.5/components/esp_rom/esp32s3/ld/esp32s3.rom.ble_master.ld
-- Adding linker script C:/Espressif/frameworks/esp-idf-v5.5/components/esp_rom/esp32s3/ld/esp32s3.rom.ble_50.ld
-- Adding linker script C:/Espressif/frameworks/esp-idf-v5.5/components/esp_rom/esp32s3/ld/esp32s3.rom.ble_smp.ld
-- Adding linker script C:/Espressif/frameworks/esp-idf-v5.5/components/esp_rom/esp32s3/ld/esp32s3.rom.ble_dtm.ld
-- Adding linker script C:/Espressif/frameworks/esp-idf-v5.5/components/esp_rom/esp32s3/ld/esp32s3.rom.ble_test.ld
-- Adding linker script C:/Espressif/frameworks/esp-idf-v5.5/components/esp_rom/esp32s3/ld/esp32s3.rom.ble_scan.ld
-- Adding linker script C:/Espressif/frameworks/esp-idf-v5.5/components/esp_rom/esp32s3/ld/esp32s3.rom.libc.ld
-- Adding linker script C:/Espressif/frameworks/esp-idf-v5.5/components/esp_rom/esp32s3/ld/esp32s3.rom.newlib.ld
-- Adding linker script C:/Espressif/frameworks/esp-idf-v5.5/components/soc/esp32s3/ld/esp32s3.peripherals.ld
CMake Error at C:/Espressif/frameworks/esp-idf-v5.5/tools/cmake/component.cmake:318 (message):
  Include directory 'D:/Embedded System
  Volume/Esp_IDF_workspace/012_OLED_128x64_Test_project/components/i2c_master/include'
  is not a directory.
Call Stack (most recent call first):
  C:/Espressif/frameworks/esp-idf-v5.5/tools/cmake/component.cmake:493 (__component_add_include_dirs)
  components/i2c_master/CMakeLists.txt:1 (idf_component_register)


-- Configuring incomplete, errors occurred!
cmake --build . -- -v
[0/1] C:\Espressif\tools\cmake\3.30.2\bin\cmake.exe --regenerate-during-build -S"D:\Embedded System Volume\Esp_IDF_workspace\012_OLED_128x64_Test_project" -B"D:\Embedded System Volume\Esp_IDF_workspace\012_OLED_128x64_Test_project\build"
-- Could NOT find Git (missing: GIT_EXECUTABLE) 
Hint: The project() command has not yet been called.  It sets up system-specific search paths.
CMake Warning at C:/Espressif/frameworks/esp-idf-v5.5/tools/cmake/git_submodules.cmake:4 (message):
  Git executable was not found.  Git submodule checks will not be executed.
  If you have any build issues at all, start by adding git executable to the
  PATH and rerun cmake to not see this warning again.
Call Stack (most recent call first):
  C:/Espressif/frameworks/esp-idf-v5.5/tools/cmake/idf.cmake:41 (include)
  C:/Espressif/frameworks/esp-idf-v5.5/tools/cmake/project.cmake:29 (include)
  CMakeLists.txt:5 (include)


-- git rev-parse returned ''
-- Minimal build - OFF
-- ccache will be used for faster recompilation
-- git rev-parse returned ''
-- Could not use 'git describe' to determine PROJECT_VER.
-- Building ESP-IDF components for target esp32s3
-- Project sdkconfig file D:/Embedded System Volume/Esp_IDF_workspace/012_OLED_128x64_Test_project/sdkconfig
-- Compiler supported targets: xtensa-esp-elf
-- USING O3
-- App "012_OLED_128x64_Test_project" version: 1
-- Adding linker script D:/Embedded System Volume/Esp_IDF_workspace/012_OLED_128x64_Test_project/build/esp-idf/esp_system/ld/memory.ld
-- Adding linker script D:/Embedded System Volume/Esp_IDF_workspace/012_OLED_128x64_Test_project/build/esp-idf/esp_system/ld/sections.ld.in
-- Adding linker script C:/Espressif/frameworks/esp-idf-v5.5/components/esp_rom/esp32s3/ld/esp32s3.rom.ld
-- Adding linker script C:/Espressif/frameworks/esp-idf-v5.5/components/esp_rom/esp32s3/ld/esp32s3.rom.api.ld
-- Adding linker script C:/Espressif/frameworks/esp-idf-v5.5/components/esp_rom/esp32s3/ld/esp32s3.rom.bt_funcs.ld
-- Adding linker script C:/Espressif/frameworks/esp-idf-v5.5/components/esp_rom/esp32s3/ld/esp32s3.rom.libgcc.ld
-- Adding linker script C:/Espressif/frameworks/esp-idf-v5.5/components/esp_rom/esp32s3/ld/esp32s3.rom.wdt.ld
-- Adding linker script C:/Espressif/frameworks/esp-idf-v5.5/components/esp_rom/esp32s3/ld/esp32s3.rom.version.ld
-- Adding linker script C:/Espressif/frameworks/esp-idf-v5.5/components/esp_rom/esp32s3/ld/esp32s3.rom.ble_master.ld
-- Adding linker script C:/Espressif/frameworks/esp-idf-v5.5/components/esp_rom/esp32s3/ld/esp32s3.rom.ble_50.ld
-- Adding linker script C:/Espressif/frameworks/esp-idf-v5.5/components/esp_rom/esp32s3/ld/esp32s3.rom.ble_smp.ld
-- Adding linker script C:/Espressif/frameworks/esp-idf-v5.5/components/esp_rom/esp32s3/ld/esp32s3.rom.ble_dtm.ld
-- Adding linker script C:/Espressif/frameworks/esp-idf-v5.5/components/esp_rom/esp32s3/ld/esp32s3.rom.ble_test.ld
-- Adding linker script C:/Espressif/frameworks/esp-idf-v5.5/components/esp_rom/esp32s3/ld/esp32s3.rom.ble_scan.ld
-- Adding linker script C:/Espressif/frameworks/esp-idf-v5.5/components/esp_rom/esp32s3/ld/esp32s3.rom.libc.ld
-- Adding linker script C:/Espressif/frameworks/esp-idf-v5.5/components/esp_rom/esp32s3/ld/esp32s3.rom.newlib.ld
-- Adding linker script C:/Espressif/frameworks/esp-idf-v5.5/components/soc/esp32s3/ld/esp32s3.peripherals.ld
CMake Error at C:/Espressif/frameworks/esp-idf-v5.5/tools/cmake/component.cmake:318 (message):
  Include directory 'D:/Embedded System
  Volume/Esp_IDF_workspace/012_OLED_128x64_Test_project/components/i2c_master/include'
  is not a directory.
Call Stack (most recent call first):
  C:/Espressif/frameworks/esp-idf-v5.5/tools/cmake/component.cmake:493 (__component_add_include_dirs)
  components/i2c_master/CMakeLists.txt:1 (idf_component_register)


-- Configuring incomplete, errors occurred!
ninja: error: rebuilding 'build.ninja': subcommand failed
FAILED: build.ninja 
C:\Espressif\tools\cmake\3.30.2\bin\cmake.exe --regenerate-during-build -S"D:\Embedded System Volume\Esp_IDF_workspace\012_OLED_128x64_Test_project" -B"D:\Embedded System Volume\Esp_IDF_workspace\012_OLED_128x64_Test_project\build"
Build complete (1 errors, 0 warnings): D:\Embedded System Volume\Esp_IDF_workspace\012_OLED_128x64_Test_project\build
Total time taken to build the project: 13,683 ms